<?xml version="1.0" encoding="UTF-8"?>
<!-- Generated by org.testng.reporters.JUnitXMLReporter -->
<testsuite hostname="TMPO-ITSP31" ignored="0" name="CoreTest" tests="10" failures="0" timestamp="17 Apr 2020 03:34:53 GMT" time="0.105" errors="0">
  <testcase name="testAllUncommonWords" time="0.013" classname="com.textcompare.test.TextComparisonTests"/>
  <testcase name="testCaseSensitivityofUncommonWords" time="0.002" classname="com.textcompare.test.TextComparisonTests"/>
  <testcase name="testNoUncommonWords" time="0.003" classname="com.textcompare.test.TextComparisonTests"/>
  <testcase name="testRepeatingUncommonWords" time="0.0" classname="com.textcompare.test.TextComparisonTests"/>
  <testcase name="testSomeUncommonWords" time="0.001" classname="com.textcompare.test.TextComparisonTests"/>
  <testcase name="testUncommonWordsWithPunctuation" time="0.0" classname="com.textcompare.test.TextComparisonTests"/>
  <testcase name="testUncommonWordsWithNumbers" time="0.001" classname="com.textcompare.test.TextComparisonTests"/>
  <testcase name="testEmptyString" time="0.001" classname="com.textcompare.test.TextComparisonTests"/>
  <testcase name="testLongSentence" time="0.004" classname="com.textcompare.test.TextComparisonTests"/>
  <testcase name="testOneWord" time="0.0" classname="com.textcompare.test.TextComparisonTests"/>
</testsuite> <!-- CoreTest -->
