<?xml version="1.0" encoding="UTF-8"?>
<!-- Generated by org.testng.reporters.JUnitXMLReporter -->
<testsuite hostname="TMPO-ITSP31" ignored="0" name="AllTestCases" tests="12" failures="0" timestamp="17 Jun 2020 15:20:24 GMT" time="1.551" errors="0">
  <testcase name="testEmptyString" time="0.014" classname="com.textcompare.test.TextComparisonTests"/>
  <testcase name="testLongSentence" time="0.007" classname="com.textcompare.test.TextComparisonTests"/>
  <testcase name="testOneWord" time="0.002" classname="com.textcompare.test.TextComparisonTests"/>
  <testcase name="testUncommonWordsWithNumbers" time="0.001" classname="com.textcompare.test.TextComparisonTests"/>
  <testcase name="testAllUncommonWords" time="0.002" classname="com.textcompare.test.TextComparisonTests"/>
  <testcase name="testCaseSensitivityofUncommonWords" time="0.002" classname="com.textcompare.test.TextComparisonTests"/>
  <testcase name="testNoUncommonWords" time="0.01" classname="com.textcompare.test.TextComparisonTests"/>
  <testcase name="testRepeatingUncommonWords" time="0.001" classname="com.textcompare.test.TextComparisonTests"/>
  <testcase name="testSomeUncommonWordsinBoth" time="1.096" classname="com.textcompare.test.TextComparisonTests"/>
  <testcase name="testSomeUncommonWordsinFirst" time="0.153" classname="com.textcompare.test.TextComparisonTests"/>
  <testcase name="testSomeUncommonWordsinSecond" time="0.151" classname="com.textcompare.test.TextComparisonTests"/>
  <testcase name="testUncommonWordsWithPunctuation" time="0.003" classname="com.textcompare.test.TextComparisonTests"/>
</testsuite> <!-- AllTestCases -->
