<?xml version="1.0" encoding="UTF-8"?>
<!-- Generated by org.testng.reporters.JUnitXMLReporter -->
<testsuite hostname="TMPO-ITSP31" ignored="0" name="Default test" tests="12" failures="0" timestamp="06 Jun 2020 18:16:53 GMT" time="0.824" errors="0">
  <testcase name="testEmptyString" time="0.01" classname="com.textcompare.test.TextComparisonTests"/>
  <testcase name="testLongSentence" time="0.004" classname="com.textcompare.test.TextComparisonTests"/>
  <testcase name="testOneWord" time="0.002" classname="com.textcompare.test.TextComparisonTests"/>
  <testcase name="testUncommonWordsWithNumbers" time="0.003" classname="com.textcompare.test.TextComparisonTests"/>
  <testcase name="testAllUncommonWords" time="0.003" classname="com.textcompare.test.TextComparisonTests"/>
  <testcase name="testCaseSensitivityofUncommonWords" time="0.002" classname="com.textcompare.test.TextComparisonTests"/>
  <testcase name="testNoUncommonWords" time="0.008" classname="com.textcompare.test.TextComparisonTests"/>
  <testcase name="testRepeatingUncommonWords" time="0.003" classname="com.textcompare.test.TextComparisonTests"/>
  <testcase name="testSomeUncommonWordsinBoth" time="0.699" classname="com.textcompare.test.TextComparisonTests"/>
  <testcase name="testSomeUncommonWordsinFirst" time="0.001" classname="com.textcompare.test.TextComparisonTests"/>
  <testcase name="testSomeUncommonWordsinSecond" time="0.001" classname="com.textcompare.test.TextComparisonTests"/>
  <testcase name="testUncommonWordsWithPunctuation" time="0.006" classname="com.textcompare.test.TextComparisonTests"/>
</testsuite> <!-- Default test -->
