<?xml version="1.0" encoding="UTF-8"?>
<!-- Generated by org.testng.reporters.JUnitXMLReporter -->
<testsuite hostname="TMPO-ITSP31" ignored="12" tests="0" failures="0" timestamp="17 Apr 2020 19:37:35 GMT" time="0.016" errors="0">
  <testcase name="testUncommonWordsWithPunctuation" time="0.0" classname="com.textcompare.test.TextComparisonTests">
    <ignored/>
  </testcase> <!-- testUncommonWordsWithPunctuation -->
  <testcase name="testLongSentence" time="0.0" classname="com.textcompare.test.TextComparisonTests">
    <ignored/>
  </testcase> <!-- testLongSentence -->
  <testcase name="testCaseSensitivityofUncommonWords" time="0.0" classname="com.textcompare.test.TextComparisonTests">
    <ignored/>
  </testcase> <!-- testCaseSensitivityofUncommonWords -->
  <testcase name="testSomeUncommonWordsinBoth" time="0.0" classname="com.textcompare.test.TextComparisonTests">
    <ignored/>
  </testcase> <!-- testSomeUncommonWordsinBoth -->
  <testcase name="testSomeUncommonWordsinSecond" time="0.0" classname="com.textcompare.test.TextComparisonTests">
    <ignored/>
  </testcase> <!-- testSomeUncommonWordsinSecond -->
  <testcase name="testSomeUncommonWordsinFirst" time="0.0" classname="com.textcompare.test.TextComparisonTests">
    <ignored/>
  </testcase> <!-- testSomeUncommonWordsinFirst -->
  <testcase name="testNoUncommonWords" time="0.0" classname="com.textcompare.test.TextComparisonTests">
    <ignored/>
  </testcase> <!-- testNoUncommonWords -->
  <testcase name="testAllUncommonWords" time="0.0" classname="com.textcompare.test.TextComparisonTests">
    <ignored/>
  </testcase> <!-- testAllUncommonWords -->
  <testcase name="testOneWord" time="0.0" classname="com.textcompare.test.TextComparisonTests">
    <ignored/>
  </testcase> <!-- testOneWord -->
  <testcase name="testUncommonWordsWithNumbers" time="0.0" classname="com.textcompare.test.TextComparisonTests">
    <ignored/>
  </testcase> <!-- testUncommonWordsWithNumbers -->
  <testcase name="testRepeatingUncommonWords" time="0.0" classname="com.textcompare.test.TextComparisonTests">
    <ignored/>
  </testcase> <!-- testRepeatingUncommonWords -->
  <testcase name="testEmptyString" time="0.0" classname="com.textcompare.test.TextComparisonTests">
    <ignored/>
  </testcase> <!-- testEmptyString -->
</testsuite>
