<?xml version="1.0" encoding="UTF-8"?>
<!-- Generated by org.testng.reporters.JUnitXMLReporter -->
<testsuite hostname="TMPO-ITSP31" ignored="4" name="CoreTests" tests="8" failures="0" timestamp="28 Apr 2020 12:39:48 GMT" time="0.103" errors="0">
  <testcase name="testAllUncommonWords" time="0.018" classname="com.textcompare.test.TextComparisonTests"/>
  <testcase name="testCaseSensitivityofUncommonWords" time="0.001" classname="com.textcompare.test.TextComparisonTests"/>
  <testcase name="testNoUncommonWords" time="0.002" classname="com.textcompare.test.TextComparisonTests"/>
  <testcase name="testRepeatingUncommonWords" time="0.0" classname="com.textcompare.test.TextComparisonTests"/>
  <testcase name="testSomeUncommonWordsinBoth" time="0.003" classname="com.textcompare.test.TextComparisonTests"/>
  <testcase name="testSomeUncommonWordsinFirst" time="0.002" classname="com.textcompare.test.TextComparisonTests"/>
  <testcase name="testSomeUncommonWordsinSecond" time="0.006" classname="com.textcompare.test.TextComparisonTests"/>
  <testcase name="testUncommonWordsWithPunctuation" time="0.0" classname="com.textcompare.test.TextComparisonTests"/>
  <testcase name="testLongSentence" time="0.0" classname="com.textcompare.test.TextComparisonTests">
    <ignored/>
  </testcase> <!-- testLongSentence -->
  <testcase name="testOneWord" time="0.0" classname="com.textcompare.test.TextComparisonTests">
    <ignored/>
  </testcase> <!-- testOneWord -->
  <testcase name="testUncommonWordsWithNumbers" time="0.0" classname="com.textcompare.test.TextComparisonTests">
    <ignored/>
  </testcase> <!-- testUncommonWordsWithNumbers -->
  <testcase name="testEmptyString" time="0.0" classname="com.textcompare.test.TextComparisonTests">
    <ignored/>
  </testcase> <!-- testEmptyString -->
</testsuite> <!-- CoreTests -->
